<?xml version="1.0" ?>
<!DOCTYPE coverage SYSTEM "http://cobertura.sourceforge.net/xml/coverage-04.dtd">
<coverage lines-valid="12" lines-covered="11" line-rate="0.9167000000000001" branches-valid="6" branches-covered="4" branch-rate="0.6667000000000001" timestamp="1555786828180" complexity="0" version="0.1">
  <sources>
    <source>/Users/lsittler/Documents/GitLab/sp/group-people</source>
  </sources>
  <packages>
    <class name="GroupPeople.tsx" filename="src/webparts/groupPeople/components/GroupPeople.tsx" line-rate="0.9167000000000001" branch-rate="0.6667000000000001">
      <methods>
        <method name="(anonymous_5)" hits="1" signature="()V">
          <lines>
            <line number="11" hits="1"/>
          </lines>
        </method>
        <method name="GroupPeople" hits="1" signature="()V">
          <lines>
            <line number="21" hits="1"/>
          </lines>
        </method>
        <method name="(anonymous_7)" hits="1" signature="()V">
          <lines>
            <line number="30" hits="1"/>
          </lines>
        </method>
        <method name="(anonymous_8)" hits="0" signature="()V">
          <lines>
            <line number="38" hits="0"/>
          </lines>
        </method>
      </methods>
      <lines>
        <line number="1" hits="1" branch="false"/>
        <line number="2" hits="1" branch="false"/>
        <line number="5" hits="1" branch="false"/>
        <line number="11" hits="1" branch="false"/>
        <line number="16" hits="1" branch="false"/>
        <line number="22" hits="1" branch="true" condition-coverage="100% (2/2)"/>
        <line number="23" hits="1" branch="true" condition-coverage="50% (1/2)"/>
        <line number="30" hits="1" branch="false"/>
        <line number="31" hits="1" branch="true" condition-coverage="50% (1/2)"/>
        <line number="32" hits="1" branch="false"/>
        <line number="39" hits="0" branch="false"/>
        <line number="53" hits="1" branch="false"/>
      </lines>
    </class>
  </packages>
</coverage>
