{"/Users/lsittler/Documents/GitLab/sp/group-people/src/webparts/groupPeople/components/GroupPeople.tsx": {"path":"/Users/lsittler/Documents/GitLab/sp/group-people/src/webparts/groupPeople/components/GroupPeople.tsx","statementMap":{"0":{"start":{"line":1,"column":0},"end":{"line":1,"column":30}},"1":{"start":{"line":2,"column":0},"end":{"line":2,"column":46}},"2":{"start":{"line":5,"column":0},"end":{"line":5,"column":73}},"3":{"start":{"line":11,"column":0},"end":{"line":11,"column":56}},"4":{"start":{"line":11,"column":41},"end":{"line":11,"column":79}},"5":{"start":{"line":22,"column":4},"end":{"line":22,"column":16}},"6":{"start":{"line":16,"column":10},"end":{"line":16,"column":36}},"7":{"start":{"line":23,"column":4},"end":{"line":23,"column":64}},"8":{"start":{"line":30,"column":9},"end":{"line":52,"column":3}},"9":{"start":{"line":31,"column":4},"end":{"line":31,"column":69}},"10":{"start":{"line":32,"column":4},"end":{"line":51,"column":6}},"11":{"start":{"line":39,"column":18},"end":{"line":45,"column":28}},"12":{"start":{"line":53,"column":0},"end":{"line":53,"column":1}}},"fnMap":{"0":{"name":"(anonymous_5)","decl":{"start":{"line":11,"column":0},"end":{"line":null,"column":-1}},"loc":{"start":{"line":11,"column":0},"end":{"line":11,"column":-1}}},"1":{"name":"GroupPeople","decl":{"start":{"line":21,"column":2},"end":{"line":21,"column":13}},"loc":{"start":{"line":21,"column":38},"end":{"line":24,"column":3}}},"2":{"name":"(anonymous_7)","decl":{"start":{"line":30,"column":2},"end":{"line":null,"column":-1}},"loc":{"start":{"line":30,"column":2},"end":{"line":52,"column":3}}},"3":{"name":"(anonymous_8)","decl":{"start":{"line":38,"column":38},"end":{"line":38,"column":38}},"loc":{"start":{"line":38,"column":44},"end":{"line":46,"column":17}}}},"branchMap":{"0":{"loc":{"start":{"line":22,"column":4},"end":{"line":22,"column":16}},"type":"binary-expr","locations":[{"start":{"line":22,"column":4},"end":{"line":22,"column":16}},{"start":{"line":22,"column":16},"end":{"line":24,"column":2}}]},"1":{"loc":{"start":{"line":23,"column":45},"end":{"line":23,"column":47}},"type":"cond-expr","locations":[{"start":{"line":23,"column":45},"end":{"line":23,"column":47}},{"start":{"line":23,"column":50},"end":{"line":23,"column":63}}]},"2":{"loc":{"start":{"line":31,"column":50},"end":{"line":31,"column":52}},"type":"cond-expr","locations":[{"start":{"line":31,"column":50},"end":{"line":31,"column":52}},{"start":{"line":31,"column":55},"end":{"line":31,"column":68}}]}},"s":{"0":1,"1":1,"2":1,"3":1,"4":1,"5":1,"6":1,"7":1,"8":1,"9":1,"10":1,"11":0,"12":1},"f":{"0":1,"1":1,"2":1,"3":0},"b":{"0":[1,1],"1":[1,0],"2":[1,0]}}
}
